<?xml version="1.0" encoding="UTF-8"?>
<!-- Generated by org.testng.reporters.JUnitReportReporter -->
<testsuite skipped="0" hostname="Mohammads-MBP.fios-router.home" name="facebook.us.runner.FBMyRunner" tests="1" failures="0" timestamp="30 Aug 2022 05:24:45 GMT" time="16.325" errors="0">
  <testcase name="runScenario" time="16.325" classname="facebook.us.runner.FBMyRunner"/>
</testsuite> <!-- facebook.us.runner.FBMyRunner -->
